<?xml version="1.0" encoding="UTF-8"?>
<testng-results skipped="0" failed="0" ignored="0" total="3" passed="3">
  <reporter-output>
  </reporter-output>
  <suite name="Default suite" duration-ms="8394" started-at="2020-07-07T12:53:44 IST" finished-at="2020-07-07T12:53:52 IST">
    <groups>
    </groups>
    <test name="Default test" duration-ms="8394" started-at="2020-07-07T12:53:44 IST" finished-at="2020-07-07T12:53:52 IST">
      <class name="amio.amioOps">
        <test-method status="PASS" signature="setUp()[pri:0, instance:amio.amioOps@631330c]" name="setUp" is-config="true" duration-ms="557" started-at="2020-07-07T12:53:43 IST" finished-at="2020-07-07T12:53:44 IST">
          <reporter-output>
          </reporter-output>
        </test-method> <!-- setUp -->
        <test-method status="PASS" signature="createChannel()[pri:0, instance:amio.amioOps@631330c]" name="createChannel" duration-ms="5070" started-at="2020-07-07T12:53:44 IST" finished-at="2020-07-07T12:53:49 IST">
          <reporter-output>
          </reporter-output>
        </test-method> <!-- createChannel -->
        <test-method status="PASS" signature="Confirm_channel_present()[pri:0, instance:amio.amioOps@631330c]" name="Confirm_channel_present" duration-ms="1674" started-at="2020-07-07T12:53:49 IST" depends-on-methods="amio.amioOps.createChannel" finished-at="2020-07-07T12:53:50 IST">
          <reporter-output>
          </reporter-output>
        </test-method> <!-- Confirm_channel_present -->
        <test-method status="PASS" signature="deleteChannel()[pri:0, instance:amio.amioOps@631330c]" name="deleteChannel" duration-ms="1597" started-at="2020-07-07T12:53:50 IST" depends-on-methods="amio.amioOps.createChannel" finished-at="2020-07-07T12:53:52 IST">
          <reporter-output>
          </reporter-output>
        </test-method> <!-- deleteChannel -->
      </class> <!-- amio.amioOps -->
    </test> <!-- Default test -->
  </suite> <!-- Default suite -->
</testng-results>
