<?xml version="1.0" encoding="UTF-8"?>
<!-- Generated by org.testng.reporters.JUnitXMLReporter -->
<testsuite hostname="Pradeep" ignored="0" name="Default test" tests="3" failures="0" timestamp="2020-07-07T12:53:52 IST" time="8.394" errors="0">
  <testcase name="createChannel" time="5.07" classname="amio.amioOps"/>
  <testcase name="Confirm_channel_present" time="1.674" classname="amio.amioOps"/>
  <testcase name="deleteChannel" time="1.597" classname="amio.amioOps"/>
</testsuite> <!-- Default test -->
